<?xml version="1.0" encoding="UTF-8"?>
<!-- Generated by org.testng.reporters.JUnitReportReporter -->
<testsuite hostname="NTP-LAP-843" failures="0" tests="3" name="org.ict.scripts.TestClass" time="3.112" errors="0" timestamp="2022-12-15T23:11:05 IST" skipped="0">
  <testcase classname="org.ict.scripts.TestClass" name="ValidLoginVerification" time="1.184"/>
  <system-out/>
  <testcase classname="org.ict.scripts.TestClass" name="ValidHomeVerification" time="0.769"/>
  <system-out/>
  <testcase classname="org.ict.scripts.TestClass" name="ValidAddEmpVerification" time="1.159"/>
  <system-out/>
</testsuite> <!-- org.ict.scripts.TestClass -->
